Zilog eZ80 Macro Assembler Version 4.3 (19073001)21-Jul-23     13:58:55     page:   1


PC     Object              I  Line    Source 
                           A     1    		CPU	= EZ80F91
                           A     2    		.ORG 0
                           A     3            .ASSUME ADL=0
000000 F3                  A     4    		di
000001 ED7D                A     5    		stmix
000003 5BC3 00 01 00       A     6    		jp.lil init
000008 00                  A     7    		nop
000009 00                  A     8    		nop
00000A 00                  A     9    		nop
00000B 5BC3 6F 03 00       A    10    		jp.lil syscall
000010 00                  A    11    		nop
000011 00                  A    12    		nop
000012 00                  A    13    		nop
000013 5BC3 F9 03 00       A    14    		jp.lil nohandler
000018 00                  A    15    		nop
000019 00                  A    16    		nop
00001A 00                  A    17    		nop
00001B 5BC3 F9 03 00       A    18    		jp.lil nohandler
000020 00                  A    19    		nop
000021 00                  A    20    		nop
000022 00                  A    21    		nop
000023 5BC3 F9 03 00       A    22    		jp.lil nohandler
000028 00                  A    23    		nop
000029 00                  A    24    		nop
00002A 00                  A    25    		nop
00002B 5BC3 F9 03 00       A    26    		jp.lil nohandler
000030 00                  A    27    		nop
000031 00                  A    28    		nop
000032 00                  A    29    		nop
000033 5BC3 F9 03 00       A    30    		jp.lil nohandler
000038 00                  A    31    		nop
000039 00                  A    32    		nop
00003A 00                  A    33    		nop
00003B 5BC3 F9 03 00       A    34    		jp.lil nohandler
                           A    35    		;0x40 - EMAC Rx
000040 FB030000            A    36    		DL nohandler4i
                           A    37    		;0x44 - EMAC Tx
000044 FB030000            A    38    		DL nohandler4i
                           A    39    		;0x48 - EMAC SYS
000048 FB030000            A    40    		DL nohandler4i
                           A    41    		;0x4C -  PLL
00004C FB030000            A    42    		DL nohandler4i
                           A    43    		;0x50 - Flash
000050 FB030000            A    44    		DL nohandler4i
                           A    45    		;0x54 - Timer 0
000054 2B010000            A    46    		DL contextswitch
                           A    47    		;0x58 - Timer 1
000058 FB030000            A    48    		DL nohandler4i
                           A    49    		;0x5C - Timer 2
00005C FB030000            A    50    		DL nohandler4i
                           A    51    		;0x60 - Timer 3
000060 FB030000            A    52    		DL nohandler4i
                           A    53    		;NMI Handler
000064 0000                A    54    		DW 0
000066 5BC3 FF 03 00       A    55    		jp.lil nmihandler
00006B 00                  A    56    		DB 0
                           A    57    		;0x6C -  RTC
00006C FB030000            A    58    		DL nohandler4i
                           A    59    		;0x70 - UART 0
000070 FB030000            A    60    		DL nohandler4i
                           A    61    		;0x74 - UART 1
000074 FB030000            A    62    		DL nohandler4i
                           A    63    		;0x78 -  I2C
000078 FB030000            A    64    		DL nohandler4i
                           A    65    		;0x7C -  SPI
00007C FB030000            A    66    		DL nohandler4i
                           A    67    		;0x80 - Port A 0
000080 FB030000            A    68    		DL nohandler4i
                           A    69    		;0x84 - Port A 1
000084 FB030000            A    70    		DL nohandler4i
                           A    71    		;0x88 - Port A 2
000088 FB030000            A    72    		DL nohandler4i
                           A    73    		;0x8C - Port A 3
00008C FB030000            A    74    		DL nohandler4i
                           A    75    		;0x90 - Port A 4
000090 FB030000            A    76    		DL nohandler4i
                           A    77    		;0x94 - Port A 5
000094 FB030000            A    78    		DL nohandler4i
                           A    79    		;0x98 - Port A 6
000098 FB030000            A    80    		DL nohandler4i
                           A    81    		;0x9C - Port A 7
00009C FB030000            A    82    		DL nohandler4i
                           A    83    		;0xA0 - Port B 0
0000A0 FB030000            A    84    		DL nohandler4i
                           A    85    		;0xA4 - Port B 1
0000A4 FB030000            A    86    		DL nohandler4i
                           A    87    		;0xA8 - Port B 2
0000A8 FB030000            A    88    		DL nohandler4i
                           A    89    		;0xAC - Port B 3
0000AC FB030000            A    90    		DL nohandler4i
                           A    91    		;0xB0 - Port B 4
0000B0 FB030000            A    92    		DL nohandler4i
                           A    93    		;0xB4 - Port B 5
0000B4 FB030000            A    94    		DL nohandler4i
                           A    95    		;0xB8 - Port B 6
0000B8 FB030000            A    96    		DL nohandler4i
                           A    97    		;0xBC - Port B 7
0000BC FB030000            A    98    		DL nohandler4i
                           A    99    		;0xC0 - Port C 0
0000C0 FB030000            A   100    		DL nohandler4i
                           A   101    		;0xC4 - Port C 1
0000C4 FB030000            A   102    		DL nohandler4i
                           A   103    		;0xC8 - Port C 2
0000C8 FB030000            A   104    		DL nohandler4i
                           A   105    		;0xCC - Port C 3
0000CC FB030000            A   106    		DL nohandler4i
                           A   107    		;0xD0 - Port C 4
0000D0 FB030000            A   108    		DL nohandler4i
                           A   109    		;0xD4 - Port C 5
0000D4 FB030000            A   110    		DL nohandler4i
                           A   111    		;0xD8 - Port C 6
0000D8 FB030000            A   112    		DL nohandler4i
                           A   113    		;0xDC - Port C 7
0000DC FB030000            A   114    		DL nohandler4i
                           A   115    		;0xE0 - Port D 0
0000E0 FB030000            A   116    		DL nohandler4i
                           A   117    		;0xE4 - Port D 1
0000E4 FB030000            A   118    		DL nohandler4i
                           A   119    		;0xE8 - Port D 2
0000E8 FB030000            A   120    		DL nohandler4i
                           A   121    		;0xEC - Port D 3
0000EC FB030000            A   122    		DL nohandler4i
                           A   123    		;0xF0 - Port D 4
0000F0 FB030000            A   124    		DL nohandler4i
                           A   125    		;0xF4 - Port D 5
0000F4 FB030000            A   126    		DL nohandler4i
                           A   127    		;0xF8 - Port D 6
0000F8 FB030000            A   128    		DL nohandler4i
                           A   129    		;0xFC - Port D 7
0000FC FB030000            A   130    		DL nohandler4i
                           A   131            .ASSUME ADL=1
       00C00000            A   132    rkmastart		EQU 0C00000h
       00C10000            A   133    contextarea		EQU 10000h + rkmastart
       00C0D000            A   134    contexttmpflag	EQU D000h + rkmastart
       00C0D800            A   135    semaphorebool_val EQU D800h + rkmastart
       00C0C040            A   136    contexttmpfp	EQU C040h + rkmastart
       00C0C000            A   137    contexttmp		EQU C000h + rkmastart
       00C08000            A   138    stackarea4rtos	EQU 8000h + rkmastart
                           A   139    
       00000032            A   140    INTERVAL		EQU	50
       00002625            A   141    timercount		EQU 50000000/1000/16*INTERVAL/1
000100                     A   142    init:
000100 3E00                A   143    		ld a,0
000102 ED47                A   144    		ld i,a
000104 ED5E                A   145    		im 2
000106 310080C0            A   146    		ld sp,stackarea4rtos
00010A 3E8D                A   147    		ld a,8dh
00010C ED3960              A   148    		out0 (060h),a
00010F 3E01                A   149    		ld a,1
000111 ED3961              A   150    		out0 (061h),a
000114 3E25                A   151    		ld a,timercount & 0ffh
000116 ED3963              A   152    		out0 (063h),a
000119 3E26                A   153    		ld a,timercount >> 8
00011B ED3964              A   154    		out0 (064h),a
00011E 3E01                A   155    		ld a,1
000120 3225C0C0            A   156    		ld (contexttmp+(3*12)+1),a
000124 FB                  A   157    		ei
000125 C3000001            A   158    		jp 10000h
000129 18 FE               A   159    lplp:	jr lplp
00012B                     A   160    contextswitch:
00012B F3                  A   161    		di
00012C ED731EC0 C0         A   162    		ld (contexttmp+(3*10)),sp
000131 3103C0C0            A   163    		ld sp,contexttmp+3
000135 F5                  A   164    		push af
000136 ED4303C0 C0         A   165    		ld (contexttmp+(3*1)),bc
00013B ED5306C0 C0         A   166    		ld (contexttmp+(3*2)),de
000140 2209C0C0            A   167    		ld (contexttmp+(3*3)),hl
000144 08                  A   168    		ex af,af'
000145 D9                  A   169    		exx
000146 310FC0C0            A   170    		ld sp,contexttmp+15
00014A F5                  A   171    		push af
00014B ED430FC0 C0         A   172    		ld (contexttmp+(3*5)),bc
000150 ED5312C0 C0         A   173    		ld (contexttmp+(3*6)),de
000155 2215C0C0            A   174    		ld (contexttmp+(3*7)),hl
000159 D9                  A   175    		exx
00015A 08                  A   176    		ex af,af'
00015B DD2218C0 C0         A   177    		ld (contexttmp+(3*8)),ix
000160 FD221BC0 C0         A   178    		ld (contexttmp+(3*9)),iy
000165 21000000            A   179    		ld hl,0
000169 4039                A   180    		add.sis hl,sp
00016B 2221C0C0            A   181    		ld (contexttmp+(3*11)),hl
00016F ED6E                A   182    		ld a,mb
000171 3224C0C0            A   183    		ld (contexttmp+(3*12)+0),a
                           A   184    		;change a context
000175 3A00D0C0            A   185    		ld a,(contexttmpflag)
000179 57                  A   186    		ld d,a
00017A 1E40                A   187    		ld e,64
00017C ED5C                A   188    		mlt de
00017E 210000C1            A   189    		ld hl,contextarea
000182 19                  A   190    		add hl,de
000183 EB                  A   191    		ex de,hl
000184 2100C0C0            A   192    		ld hl,contexttmp
000188 01400000            A   193    		ld bc,64
00018C EDB0                A   194    		ldir
00018E EB                  A   195    		ex de,hl
00018F                     A   196    reloadcontext:
00018F 3A00D0C0            A   197    		ld a,(contexttmpflag)
000193 3C                  A   198    		inc a
000194 3200D0C0            A   199    		ld (contexttmpflag),a
000198 57                  A   200    		ld d,a
000199 1E40                A   201    		ld e,64
00019B ED5C                A   202    		mlt de
00019D 210000C1            A   203    		ld hl,contextarea
0001A1 19                  A   204    		add hl,de
0001A2 1100C0C0            A   205    		ld de,contexttmp
0001A6 01400000            A   206    		ld bc,64
0001AA EDB0                A   207    		ldir
0001AC 3A25C0C0            A   208    		ld a,(contexttmp+(3*12)+1)
0001B0 CB47                A   209    		bit 0,a
0001B2 28 DB               A   210    		jr z,reloadcontext
                           A   211    		;acknowlege the timer
0001B4 ED3862              A   212    		in0 a,(062h)
0001B7 76                  A   213    		halt
0001B8 ED3862              A   214    		in0 a,(062h)
                           A   215    		;set for other context
0001BB 2A21C0C0            A   216    		ld hl,(contexttmp+(3*11))
0001BF 40F9                A   217    		ld.sis sp,hl
0001C1 3A24C0C0            A   218    		ld a,(contexttmp+(3*12)+0)
0001C5 ED6D                A   219    		ld mb,a
0001C7 3100C0C0            A   220    		ld sp,contexttmp+0
0001CB F1                  A   221    		pop af
0001CC ED4B03C0 C0         A   222    		ld bc,(contexttmp+(3*1))
0001D1 ED5B06C0 C0         A   223    		ld de,(contexttmp+(3*2))
0001D6 2A09C0C0            A   224    		ld hl,(contexttmp+(3*3))
0001DA 08                  A   225    		ex af,af'
0001DB D9                  A   226    		exx
0001DC 310CC0C0            A   227    		ld sp,contexttmp+12
0001E0 F1                  A   228    		pop af
0001E1 ED4B0FC0 C0         A   229    		ld bc,(contexttmp+(3*5))
0001E6 ED5B12C0 C0         A   230    		ld de,(contexttmp+(3*6))
0001EB 2A15C0C0            A   231    		ld hl,(contexttmp+(3*7))
0001EF D9                  A   232    		exx
0001F0 08                  A   233    		ex af,af'
0001F1 DD2A18C0 C0         A   234    		ld ix,(contexttmp+(3*8))
0001F6 FD2A1BC0 C0         A   235    		ld iy,(contexttmp+(3*9))
0001FB ED7B1EC0 C0         A   236    		ld sp,(contexttmp+(3*10))
000200 FB                  A   237    		ei
000201 5BC9                A   238    		ret.l
000203                     A   239    newprocess:
000203 F3                  A   240    		di
000204 ED731EC0 C0         A   241    		ld (contexttmp+(3*10)),sp
000209 3103C0C0            A   242    		ld sp,contexttmp+3
00020D F5                  A   243    		push af
00020E ED4303C0 C0         A   244    		ld (contexttmp+(3*1)),bc
000213 ED5306C0 C0         A   245    		ld (contexttmp+(3*2)),de
000218 2209C0C0            A   246    		ld (contexttmp+(3*3)),hl
00021C 08                  A   247    		ex af,af'
00021D D9                  A   248    		exx
00021E 310FC0C0            A   249    		ld sp,contexttmp+15
000222 F5                  A   250    		push af
000223 ED430FC0 C0         A   251    		ld (contexttmp+(3*5)),bc
000228 ED5312C0 C0         A   252    		ld (contexttmp+(3*6)),de
00022D 2215C0C0            A   253    		ld (contexttmp+(3*7)),hl
000231 D9                  A   254    		exx
000232 08                  A   255    		ex af,af'
000233 DD2218C0 C0         A   256    		ld (contexttmp+(3*8)),ix
000238 FD221BC0 C0         A   257    		ld (contexttmp+(3*9)),iy
00023D 21000000            A   258    		ld hl,0
000241 4039                A   259    		add.sis hl,sp
000243 2221C0C0            A   260    		ld (contexttmp+(3*11)),hl
000247 ED6E                A   261    		ld a,mb
000249 3224C0C0            A   262    		ld (contexttmp+(3*12)+0),a
                           A   263    		;save a current context
00024D 3A00D0C0            A   264    		ld a,(contexttmpflag)
000251 57                  A   265    		ld d,a
000252 1E40                A   266    		ld e,64
000254 ED5C                A   267    		mlt de
000256 210000C1            A   268    		ld hl,contextarea
00025A 19                  A   269    		add hl,de
00025B EB                  A   270    		ex de,hl
00025C 2100C0C0            A   271    		ld hl,contexttmp
000260 01400000            A   272    		ld bc,64
000264 EDB0                A   273    		ldir
000266 EB                  A   274    		ex de,hl
000267 AF                  A   275    		xor a,a
000268 3201D0C0            A   276    		ld (contexttmpflag+1),a
00026C                     A   277    newprocess_reloadcontext:
00026C 3A01D0C0            A   278    		ld a,(contexttmpflag+1)
000270 3C                  A   279    		inc a
000271 3201D0C0            A   280    		ld (contexttmpflag+1),a
000275 57                  A   281    		ld d,a
000276 1E40                A   282    		ld e,64
000278 ED5C                A   283    		mlt de
00027A 210000C1            A   284    		ld hl,contextarea
00027E 19                  A   285    		add hl,de
00027F 1140C0C0            A   286    		ld de,contexttmpfp
000283 01400000            A   287    		ld bc,64
000287 EDB0                A   288    		ldir
000289 3A65C0C0            A   289    		ld a,(contexttmpfp+(3*12)+1)
00028D CB47                A   290    		bit 0,a
00028F 20 DB               A   291    		jr nz,newprocess_reloadcontext
000291 CBC7                A   292    		set 0,a
000293 3265C0C0            A   293    		ld (contexttmpfp+(3*12)+1),a
000297 ED7B1EC0 C0         A   294    		ld sp,(contexttmp+(3*10))
00029C 3A01D0C0            A   295    		ld a,(contexttmpflag+1)
0002A0 57                  A   296    		ld d,a
0002A1 1E40                A   297    		ld e,64
0002A3 ED5C                A   298    		mlt de
0002A5 210000C1            A   299    		ld hl,contextarea
0002A9 19                  A   300    		add hl,de
0002AA 3600                A   301    		ld (hl),0
0002AC E5                  A   302    		push hl
0002AD D1                  A   303    		pop de
0002AE 13                  A   304    		inc de
0002AF 01400000            A   305    		ld bc,64
0002B3 EDB0                A   306    		ldir
0002B5 ED5B06C0 C0         A   307    		ld de,(contexttmp+(3*2))
0002BA 2A09C0C0            A   308    		ld hl,(contexttmp+(3*3))
0002BE ED535EC0 C0         A   309    		ld (contexttmpfp+(3*10)),de
0002C3 EB                  A   310    		ex de,hl
0002C4 3603                A   311    		ld (hl),3
0002C6 23                  A   312    		inc hl
0002C7 ED1F                A   313    		ld (hl),de
0002C9 EB                  A   314    		ex de,hl
0002CA 3A01D0C0            A   315    		ld a,(contexttmpflag+1)
0002CE 57                  A   316    		ld d,a
0002CF 1E40                A   317    		ld e,64
0002D1 ED5C                A   318    		mlt de
0002D3 210000C1            A   319    		ld hl,contextarea
0002D7 19                  A   320    		add hl,de
0002D8 EB                  A   321    		ex de,hl
0002D9 2140C0C0            A   322    		ld hl,contexttmpfp
0002DD 01400000            A   323    		ld bc,64
0002E1 EDB0                A   324    		ldir
0002E3 EB                  A   325    		ex de,hl
                           A   326    		;restore callee
0002E4 3A00D0C0            A   327    		ld a,(contexttmpflag)
0002E8 57                  A   328    		ld d,a
0002E9 1E40                A   329    		ld e,64
0002EB ED5C                A   330    		mlt de
0002ED 210000C1            A   331    		ld hl,contextarea
0002F1 19                  A   332    		add hl,de
0002F2 1100C0C0            A   333    		ld de,contexttmp
0002F6 01400000            A   334    		ld bc,64
0002FA EDB0                A   335    		ldir
0002FC 2A21C0C0            A   336    		ld hl,(contexttmp+(3*11))
000300 40F9                A   337    		ld.sis sp,hl
000302 3A24C0C0            A   338    		ld a,(contexttmp+(3*12)+0)
000306 ED6D                A   339    		ld mb,a
000308 3100C0C0            A   340    		ld sp,contexttmp+0
00030C F1                  A   341    		pop af
00030D ED4B03C0 C0         A   342    		ld bc,(contexttmp+(3*1))
000312 ED5B06C0 C0         A   343    		ld de,(contexttmp+(3*2))
000317 2A09C0C0            A   344    		ld hl,(contexttmp+(3*3))
00031B 08                  A   345    		ex af,af'
00031C D9                  A   346    		exx
00031D 310CC0C0            A   347    		ld sp,contexttmp+12
000321 F1                  A   348    		pop af
000322 ED4B0FC0 C0         A   349    		ld bc,(contexttmp+(3*5))
000327 ED5B12C0 C0         A   350    		ld de,(contexttmp+(3*6))
00032C 2A15C0C0            A   351    		ld hl,(contexttmp+(3*7))
000330 D9                  A   352    		exx
000331 08                  A   353    		ex af,af'
000332 DD2A18C0 C0         A   354    		ld ix,(contexttmp+(3*8))
000337 FD2A1BC0 C0         A   355    		ld iy,(contexttmp+(3*9))
00033C ED7B1EC0 C0         A   356    		ld sp,(contexttmp+(3*10))
000341 FB                  A   357    		ei
000342 5BC9                A   358    		ret.l
000344                     A   359    terminateprocess:
000344 F3                  A   360    		di
000345 3A25C0C0            A   361    		ld a,(contexttmp+(3*12)+1)
000349 CB87                A   362    		res 0,a
00034B 3225C0C0            A   363    		ld (contexttmp+(3*12)+1),a
00034F C3 2B 01 00         A   364    		jp contextswitch
000353                     A   365    terminateotherprocess:
000353 F3                  A   366    		di
000354 53                  A   367    		ld d,e
000355 1E40                A   368    		ld e,64
000357 ED5C                A   369    		mlt de
000359 212500C1            A   370    		ld hl,contextarea + (3*12) + 1
00035D 19                  A   371    		add hl,de
00035E CB86                A   372    		res 0,(hl)
000360 5BC9                A   373    		ret.l
000362                     A   374    getprocessid:
000362 F3                  A   375    		di
000363 3A00D0C0            A   376    		ld a,(contexttmpflag)
000367 21000000            A   377    		ld hl,0
00036B 6F                  A   378    		ld l,a
00036C FB                  A   379    		ei
00036D 5BC9                A   380    		ret.l
00036F                     A   381    syscall:
00036F F3                  A   382    		di
000370 A7                  A   383    		and a,a
000371 CA 03 02 00         A   384    		jp z,newprocess
000375 FE01                A   385    		cp a,1
000377 CA 44 03 00         A   386    		jp z,terminateprocess
00037B FE02                A   387    		cp a,2
00037D CA 62 03 00         A   388    		jp z,getprocessid
000381 FE03                A   389    		cp a,3
000383 CA 53 03 00         A   390    		jp z,terminateotherprocess
000387 FE04                A   391    		cp a,4
000389 CA 9A 03 00         A   392    		jp z,semaphorebool
00038D FE05                A   393    		cp a,5
00038F CA CD 03 00         A   394    		jp z,semaphorechk
000393 21FFFFFF            A   395    		ld hl,-1
000397 FB                  A   396    		ei
000398 5BC9                A   397    		ret.l
00039A                     A   398    semaphorebool:
00039A F3                  A   399    		di
00039B 1100D8C0            A   400    		ld de,semaphorebool_val
00039F 78                  A   401    		ld a,b
0003A0 CB28                A   402    		sra b
0003A2 CB28                A   403    		sra b
0003A4 CB28                A   404    		sra b
0003A6 21000000            A   405    		ld hl,0
0003AA CBA8                A   406    		res 5,b
0003AC CBB0                A   407    		res 6,b
0003AE CBB8                A   408    		res 7,b
0003B0 68                  A   409    		ld l,b
0003B1 19                  A   410    		add hl,de
0003B2 E607                A   411    		and a,07h
0003B4 47                  A   412    		ld b,a
0003B5 79                  A   413    		ld a,c
0003B6 28 08               A   414    		jr z,semaphorebool__
0003B8 E601                A   415    		and a,1
0003BA                     A   416    semaphorebool_:
0003BA CB27                A   417    		sla a
0003BC 10 FC               A   418    		djnz semaphorebool_
0003BE 18 02               A   419    		jr semaphorebool___
0003C0                     A   420    semaphorebool__:
0003C0 E601                A   421    		and a,1
0003C2                     A   422    semaphorebool___:
0003C2 4F                  A   423    		ld c,a
0003C3 EEFF                A   424    		xor a,0ffh
0003C5 47                  A   425    		ld b,a
0003C6 7E                  A   426    		ld a,(hl)
0003C7 A0                  A   427    		and a,b
0003C8 B1                  A   428    		or a,c
0003C9 77                  A   429    		ld (hl),a
0003CA FB                  A   430    		ei
0003CB 5BC9                A   431    		ret.l
0003CD                     A   432    semaphorechk:
0003CD F3                  A   433    		di
0003CE 1100D8C0            A   434    		ld de,semaphorebool_val
0003D2 78                  A   435    		ld a,b
0003D3 CB28                A   436    		sra b
0003D5 CB28                A   437    		sra b
0003D7 CB28                A   438    		sra b
0003D9 21000000            A   439    		ld hl,0
0003DD CBA8                A   440    		res 5,b
0003DF CBB0                A   441    		res 6,b
0003E1 CBB8                A   442    		res 7,b
0003E3 68                  A   443    		ld l,b
0003E4 19                  A   444    		add hl,de
0003E5 E607                A   445    		and a,07h
0003E7 47                  A   446    		ld b,a
0003E8 7E                  A   447    		ld a,(hl)
0003E9 28 04               A   448    		jr z,semaphorechk__
0003EB                     A   449    semaphorechk_:
0003EB CB2F                A   450    		sra a
0003ED 10 FC               A   451    		djnz semaphorechk_
0003EF                     A   452    semaphorechk__:
0003EF E601                A   453    		and a,1
0003F1 21000000            A   454    		ld hl,0
0003F5 6F                  A   455    		ld l,a
0003F6 FB                  A   456    		ei
0003F7 5BC9                A   457    		ret.l
0003F9                     A   458    nohandler:
0003F9 5BC9                A   459    		ret.l
0003FB                     A   460    nohandler4i:
0003FB FB                  A   461    		ei
0003FC 5BED4D              A   462    		reti.l
0003FF                     A   463    nmihandler:
0003FF 5BED45              A   464    		retn.l
                           A   465    
                           A   466    		.ORG 10000h
010000 76                  A   467    		halt
                           A   468    		END


Errors: 0
Warnings: 0
Lines Assembled: 469
